D:\PROJECTS\CLOTHSIMULATOR\CLOTHSIMULATOR\CLOTHSIMULATOR.EXE
D:\PROJECTS\CLOTHSIMULATOR\CLOTHSIMULATOR\CLOTHSIMULATOR.ILK
D:\PROJECTS\CLOTHSIMULATOR\CLOTHSIMULATOR\CLOTHSIMULATOR.PDB
D:\PROJECTS\CLOTHSIMULATOR\CLOTHSIMULATOR\SIM\ASSIMPMESH.OBJ
D:\PROJECTS\CLOTHSIMULATOR\CLOTHSIMULATOR\SIM\CAMERA.OBJ
D:\Projects\ClothSimulator\ClothSimulator\sim\cl.command.1.tlog
D:\Projects\ClothSimulator\ClothSimulator\sim\CL.read.1.tlog
D:\Projects\ClothSimulator\ClothSimulator\sim\CL.write.1.tlog
D:\PROJECTS\CLOTHSIMULATOR\CLOTHSIMULATOR\SIM\CLOTH.OBJ
D:\PROJECTS\CLOTHSIMULATOR\CLOTHSIMULATOR\SIM\CLOTHSIMULATOR.EXE.EMBED.MANIFEST
D:\PROJECTS\CLOTHSIMULATOR\CLOTHSIMULATOR\SIM\CLOTHSIMULATOR.EXE.EMBED.MANIFEST.RES
D:\PROJECTS\CLOTHSIMULATOR\CLOTHSIMULATOR\SIM\CLOTHSIMULATOR.EXE.INTERMEDIATE.MANIFEST
D:\Projects\ClothSimulator\ClothSimulator\sim\ClothSimulator.write.1.tlog
D:\Projects\ClothSimulator\ClothSimulator\sim\ClothSimulator_manifest.rc
D:\PROJECTS\CLOTHSIMULATOR\CLOTHSIMULATOR\SIM\COLLISION.OBJ
D:\PROJECTS\CLOTHSIMULATOR\CLOTHSIMULATOR\SIM\DIAGNOSTIC.OBJ
D:\PROJECTS\CLOTHSIMULATOR\CLOTHSIMULATOR\SIM\INPUT.OBJ
D:\PROJECTS\CLOTHSIMULATOR\CLOTHSIMULATOR\SIM\LIGHT.OBJ
D:\Projects\ClothSimulator\ClothSimulator\sim\link.7476.read.1.tlog
D:\Projects\ClothSimulator\ClothSimulator\sim\link.7476.write.1.tlog
D:\Projects\ClothSimulator\ClothSimulator\sim\link.7476-cvtres.read.1.tlog
D:\Projects\ClothSimulator\ClothSimulator\sim\link.7476-cvtres.write.1.tlog
D:\Projects\ClothSimulator\ClothSimulator\sim\link.command.1.tlog
D:\Projects\ClothSimulator\ClothSimulator\sim\link.read.1.tlog
D:\Projects\ClothSimulator\ClothSimulator\sim\link.write.1.tlog
D:\Projects\ClothSimulator\ClothSimulator\sim\link-cvtres.read.1.tlog
D:\Projects\ClothSimulator\ClothSimulator\sim\link-cvtres.write.1.tlog
D:\PROJECTS\CLOTHSIMULATOR\CLOTHSIMULATOR\SIM\MESH.OBJ
D:\Projects\ClothSimulator\ClothSimulator\sim\mt.command.1.tlog
D:\Projects\ClothSimulator\ClothSimulator\sim\mt.read.1.tlog
D:\Projects\ClothSimulator\ClothSimulator\sim\mt.write.1.tlog
D:\PROJECTS\CLOTHSIMULATOR\CLOTHSIMULATOR\SIM\PARTICLE.OBJ
D:\PROJECTS\CLOTHSIMULATOR\CLOTHSIMULATOR\SIM\PICKING.OBJ
D:\Projects\ClothSimulator\ClothSimulator\sim\rc.command.1.tlog
D:\Projects\ClothSimulator\ClothSimulator\sim\rc.read.1.tlog
D:\Projects\ClothSimulator\ClothSimulator\sim\rc.write.1.tlog
D:\PROJECTS\CLOTHSIMULATOR\CLOTHSIMULATOR\SIM\SHADER.OBJ
D:\PROJECTS\CLOTHSIMULATOR\CLOTHSIMULATOR\SIM\SIMULATION.OBJ
D:\PROJECTS\CLOTHSIMULATOR\CLOTHSIMULATOR\SIM\SPRING.OBJ
D:\PROJECTS\CLOTHSIMULATOR\CLOTHSIMULATOR\SIM\TEXT.OBJ
D:\PROJECTS\CLOTHSIMULATOR\CLOTHSIMULATOR\SIM\TIMER.OBJ
D:\PROJECTS\CLOTHSIMULATOR\CLOTHSIMULATOR\SIM\TRANSFORM.OBJ
D:\Projects\ClothSimulator\ClothSimulator\sim\vc100.idb
D:\PROJECTS\CLOTHSIMULATOR\CLOTHSIMULATOR\SIM\VC100.PDB
D:\PROJECTS\CLOTHSIMULATOR\CLOTHSIMULATOR\SIM\WINMAIN.OBJ
