Build started 7/27/2013 1:01:24 PM.
     1>Project "D:\Projects\ClothSimulator\ClothSimulator\ClothSimulator.vcxproj" on node 2 (build target(s)).
     1>InitializeBuildStatus:
         Creating "D:\Projects\ClothSimulator\ClothSimulator\sim\ClothSimulator.unsuccessfulbuild" because "AlwaysCreate" was specified.
       ClCompile:
         C:\Program Files (x86)\Microsoft Visual Studio 10.0\VC\bin\CL.exe /c /I"C:\Program Files (x86)\Microsoft DirectX SDK (June 2010)\\Include" /ID:\Projects\ClothSimulator\\ClothSimulator\assimp\include /ID:\Projects\ClothSimulator\\ClothSimulator\vld\include /Zi /nologo /W3 /WX- /Od /Oy- /D WIN32 /D _DEBUG /D _WINDOWS /D _MBCS /Gm /EHsc /MDd /GS /fp:precise /Zc:wchar_t /Zc:forScope /Fo"D:\Projects\ClothSimulator\ClothSimulator\sim\\" /Fd"D:\Projects\ClothSimulator\ClothSimulator\sim\vc100.pdb" /Gd /TP /analyze- /errorReport:prompt cloth.cpp
         cloth.cpp
       ManifestResourceCompile:
         All outputs are up-to-date.
       Link:
         C:\Program Files (x86)\Microsoft Visual Studio 10.0\VC\bin\link.exe /ERRORREPORT:PROMPT /OUT:"D:\Projects\ClothSimulator\ClothSimulator\ClothSimulator.exe" /INCREMENTAL /NOLOGO /LIBPATH:D:\Projects\ClothSimulator\\ClothSimulator\vld\lib\Win32 /LIBPATH:D:\Projects\ClothSimulator\\ClothSimulator\assimp\lib\x86 /LIBPATH:"C:\Program Files (x86)\Microsoft DirectX SDK (June 2010)\\Lib\x86" d3d9.lib d3dx9.lib dinput8.lib dxguid.lib vld.lib assimp.lib ClothSimulatorGUI.lib kernel32.lib user32.lib gdi32.lib winspool.lib comdlg32.lib advapi32.lib shell32.lib ole32.lib oleaut32.lib uuid.lib odbc32.lib odbccp32.lib /MANIFEST /ManifestFile:"D:\Projects\ClothSimulator\ClothSimulator\sim\ClothSimulator.exe.intermediate.manifest" /MANIFESTUAC:"level='asInvoker' uiAccess='false'" /DEBUG /PDB:"D:\Projects\ClothSimulator\ClothSimulator\ClothSimulator.pdb" /SUBSYSTEM:WINDOWS /TLBID:1 /DYNAMICBASE /NXCOMPAT /IMPLIB:"D:\Projects\ClothSimulator\ClothSimulator\ClothSimulator.lib" /MACHINE:X86 D:\Projects\ClothSimulator\ClothSimulator\sim\ClothSimulator.exe.embed.manifest.res
         D:\Projects\ClothSimulator\ClothSimulator\sim\assimpmesh.obj
         D:\Projects\ClothSimulator\ClothSimulator\sim\camera.obj
         D:\Projects\ClothSimulator\ClothSimulator\sim\cloth.obj
         D:\Projects\ClothSimulator\ClothSimulator\sim\collision.obj
         D:\Projects\ClothSimulator\ClothSimulator\sim\diagnostic.obj
         D:\Projects\ClothSimulator\ClothSimulator\sim\timer.obj
         D:\Projects\ClothSimulator\ClothSimulator\sim\input.obj
         D:\Projects\ClothSimulator\ClothSimulator\sim\light.obj
         D:\Projects\ClothSimulator\ClothSimulator\sim\mesh.obj
         D:\Projects\ClothSimulator\ClothSimulator\sim\particle.obj
         D:\Projects\ClothSimulator\ClothSimulator\sim\picking.obj
         D:\Projects\ClothSimulator\ClothSimulator\sim\shader.obj
         D:\Projects\ClothSimulator\ClothSimulator\sim\simulation.obj
         D:\Projects\ClothSimulator\ClothSimulator\sim\spring.obj
         D:\Projects\ClothSimulator\ClothSimulator\sim\text.obj
         D:\Projects\ClothSimulator\ClothSimulator\sim\transform.obj
         D:\Projects\ClothSimulator\ClothSimulator\sim\winmain.obj
       Manifest:
         C:\Program Files (x86)\Microsoft SDKs\Windows\v7.0A\bin\mt.exe /nologo /verbose /out:"D:\Projects\ClothSimulator\ClothSimulator\sim\ClothSimulator.exe.embed.manifest" /manifest D:\Projects\ClothSimulator\ClothSimulator\sim\ClothSimulator.exe.intermediate.manifest
         All outputs are up-to-date.
       LinkEmbedManifest:
         All outputs are up-to-date.
         ClothSimulator.vcxproj -> D:\Projects\ClothSimulator\ClothSimulator\ClothSimulator.exe
       FinalizeBuildStatus:
         Deleting file "D:\Projects\ClothSimulator\ClothSimulator\sim\ClothSimulator.unsuccessfulbuild".
         Touching "D:\Projects\ClothSimulator\ClothSimulator\sim\ClothSimulator.lastbuildstate".
     1>Done Building Project "D:\Projects\ClothSimulator\ClothSimulator\ClothSimulator.vcxproj" (build target(s)).

Build succeeded.

Time Elapsed 00:00:05.98
