D:\PROJECTS\CLOTHSIMULATOR\CLOTHSIMULATOR\CLOTHSIMULATORGUI.DLL
D:\Projects\ClothSimulator\ClothSimulator\ClothSimulatorGUI.exp
D:\PROJECTS\CLOTHSIMULATOR\CLOTHSIMULATOR\CLOTHSIMULATORGUI.ILK
D:\Projects\ClothSimulator\ClothSimulator\ClothSimulatorGUI.lib
D:\PROJECTS\CLOTHSIMULATOR\CLOTHSIMULATOR\CLOTHSIMULATORGUI.PDB
D:\PROJECTS\CLOTHSIMULATOR\CLOTHSIMULATOR\GUI\.NETFRAMEWORK,VERSION=V4.0.ASSEMBLYATTRIBUTES.OBJ
D:\Projects\ClothSimulator\ClothSimulator\gui\cl.command.1.tlog
D:\Projects\ClothSimulator\ClothSimulator\gui\CL.read.1.tlog
D:\Projects\ClothSimulator\ClothSimulator\gui\CL.write.1.tlog
D:\PROJECTS\CLOTHSIMULATOR\CLOTHSIMULATOR\GUI\CLOTHSIMULATORGUI.DLL.INTERMEDIATE.MANIFEST
D:\Projects\ClothSimulator\ClothSimulator\gui\ClothSimulatorGUI.vcxproj.GenerateResource.Cache
D:\Projects\ClothSimulator\ClothSimulator\gui\ClothSimulatorGUI.vcxprojResolveAssemblyReference.cache
D:\Projects\ClothSimulator\ClothSimulator\gui\ClothSimulatorGUI.write.1.tlog
D:\Projects\ClothSimulator\ClothSimulator\gui\ClothSimulatorWrapper.GUIForm.resources
D:\PROJECTS\CLOTHSIMULATOR\CLOTHSIMULATOR\GUI\GUIWRAPPER.OBJ
D:\Projects\ClothSimulator\ClothSimulator\gui\link.8140.read.1.tlog
D:\Projects\ClothSimulator\ClothSimulator\gui\link.8140.write.1.tlog
D:\Projects\ClothSimulator\ClothSimulator\gui\link.command.1.tlog
D:\Projects\ClothSimulator\ClothSimulator\gui\link.read.1.tlog
D:\Projects\ClothSimulator\ClothSimulator\gui\link.write.1.tlog
D:\Projects\ClothSimulator\ClothSimulator\gui\metagen.read.1.tlog
D:\Projects\ClothSimulator\ClothSimulator\gui\metagen.write.1.tlog
D:\Projects\ClothSimulator\ClothSimulator\gui\mt.command.1.tlog
D:\Projects\ClothSimulator\ClothSimulator\gui\mt.read.1.tlog
D:\Projects\ClothSimulator\ClothSimulator\gui\mt.write.1.tlog
D:\Projects\ClothSimulator\ClothSimulator\gui\RSAENH.DLL.bi
D:\Projects\ClothSimulator\ClothSimulator\gui\TZRES.DLL.bi
D:\PROJECTS\CLOTHSIMULATOR\CLOTHSIMULATOR\GUI\VC100.PDB
