Build started 5/19/2013 5:06:07 PM.
     1>Project "D:\Projects\ClothSimulator\ClothSimulator\ClothSimulator.vcxproj" on node 2 (build target(s)).
     1>InitializeBuildStatus:
         Creating "Debug\ClothSimulator.unsuccessfulbuild" because "AlwaysCreate" was specified.
       ClCompile:
         C:\Program Files (x86)\Microsoft Visual Studio 10.0\VC\bin\CL.exe /c /I"C:\Program Files (x86)\Microsoft DirectX SDK (June 2010)\\Include" /ID:\Projects\ClothSimulator\\ClothSimulator\assimp\include /ID:\Projects\ClothSimulator\\ClothSimulator\vld\include /Zi /nologo /W3 /WX- /Od /Oy- /D WIN32 /D _DEBUG /D _WINDOWS /D _MBCS /Gm /EHsc /MDd /GS /fp:precise /Zc:wchar_t /Zc:forScope /Fo"Debug\\" /Fd"Debug\vc100.pdb" /Gd /TP /analyze- /errorReport:prompt assimpmesh.cpp camera.cpp cloth.cpp collision.cpp diagnostic.cpp input.cpp light.cpp mesh.cpp particle.cpp picking.cpp shader.cpp simulation.cpp spring.cpp sprite.cpp text.cpp timer.cpp transform.cpp winmain.cpp
         simulation.cpp
         shader.cpp
         light.cpp
         diagnostic.cpp
         Generating Code...
         Skipping... (no relevant changes detected)
         winmain.cpp
         transform.cpp
         timer.cpp
         text.cpp
         sprite.cpp
         spring.cpp
         picking.cpp
         particle.cpp
         mesh.cpp
         input.cpp
         collision.cpp
         cloth.cpp
         camera.cpp
         assimpmesh.cpp
       ManifestResourceCompile:
         All outputs are up-to-date.
       Link:
         C:\Program Files (x86)\Microsoft Visual Studio 10.0\VC\bin\link.exe /ERRORREPORT:PROMPT /OUT:"D:\Projects\ClothSimulator\ClothSimulator\ClothSimulator.exe" /INCREMENTAL /NOLOGO /LIBPATH:D:\Projects\ClothSimulator\\ClothSimulator\vld\lib\Win32 /LIBPATH:D:\Projects\ClothSimulator\\ClothSimulator\assimp\lib\x86 /LIBPATH:"C:\Program Files (x86)\Microsoft DirectX SDK (June 2010)\\Lib\x86" d3d9.lib d3dx9.lib dinput8.lib dxguid.lib vld.lib assimp.lib kernel32.lib user32.lib gdi32.lib winspool.lib comdlg32.lib advapi32.lib shell32.lib ole32.lib oleaut32.lib uuid.lib odbc32.lib odbccp32.lib /MANIFEST /ManifestFile:"Debug\ClothSimulator.exe.intermediate.manifest" /MANIFESTUAC:"level='asInvoker' uiAccess='false'" /DEBUG /PDB:"D:\Projects\ClothSimulator\ClothSimulator\ClothSimulator.pdb" /SUBSYSTEM:WINDOWS /TLBID:1 /DYNAMICBASE /NXCOMPAT /IMPLIB:"D:\Projects\ClothSimulator\ClothSimulator\ClothSimulator.lib" /MACHINE:X86 Debug\ClothSimulator.exe.embed.manifest.res
         Debug\assimpmesh.obj
         Debug\camera.obj
         Debug\cloth.obj
         Debug\collision.obj
         Debug\diagnostic.obj
         Debug\timer.obj
         Debug\input.obj
         Debug\light.obj
         Debug\mesh.obj
         Debug\particle.obj
         Debug\picking.obj
         Debug\shader.obj
         Debug\simulation.obj
         Debug\spring.obj
         Debug\sprite.obj
         Debug\text.obj
         Debug\transform.obj
         Debug\winmain.obj
       Manifest:
         C:\Program Files (x86)\Microsoft SDKs\Windows\v7.0A\bin\mt.exe /nologo /verbose /out:"Debug\ClothSimulator.exe.embed.manifest" /manifest Debug\ClothSimulator.exe.intermediate.manifest
         All outputs are up-to-date.
       LinkEmbedManifest:
         All outputs are up-to-date.
         ClothSimulator.vcxproj -> D:\Projects\ClothSimulator\ClothSimulator\ClothSimulator.exe
       FinalizeBuildStatus:
         Deleting file "Debug\ClothSimulator.unsuccessfulbuild".
         Touching "Debug\ClothSimulator.lastbuildstate".
     1>Done Building Project "D:\Projects\ClothSimulator\ClothSimulator\ClothSimulator.vcxproj" (build target(s)).

Build succeeded.

Time Elapsed 00:00:19.68
