Build started 5/19/2013 5:07:50 PM.
     1>Project "D:\Projects\ClothSimulator\ClothSimulator\ClothSimulator.vcxproj" on node 2 (build target(s)).
     1>InitializeBuildStatus:
         Creating "Release\ClothSimulator.unsuccessfulbuild" because "AlwaysCreate" was specified.
       ClCompile:
         C:\Program Files (x86)\Microsoft Visual Studio 10.0\VC\bin\CL.exe /c /I"C:\Program Files (x86)\Microsoft DirectX SDK (June 2010)\\Include" /ID:\Projects\ClothSimulator\\ClothSimulator\assimp\include /Zi /nologo /W3 /WX- /O2 /Oi /Oy- /GL /D WIN32 /D NDEBUG /D _WINDOWS /D _MBCS /Gm /EHsc /MD /GS /Gy /fp:precise /Zc:wchar_t /Zc:forScope /Fo"Release\\" /Fd"Release\vc100.pdb" /Gd /TP /analyze- /errorReport:prompt assimpmesh.cpp camera.cpp cloth.cpp collision.cpp diagnostic.cpp timer.cpp input.cpp light.cpp mesh.cpp particle.cpp picking.cpp shader.cpp simulation.cpp spring.cpp sprite.cpp text.cpp transform.cpp winmain.cpp
         winmain.cpp
         transform.cpp
         text.cpp
         sprite.cpp
         spring.cpp
         simulation.cpp
         shader.cpp
         picking.cpp
         particle.cpp
         mesh.cpp
         light.cpp
         input.cpp
         timer.cpp
         diagnostic.cpp
         collision.cpp
         cloth.cpp
         camera.cpp
         assimpmesh.cpp
       Link:
         C:\Program Files (x86)\Microsoft Visual Studio 10.0\VC\bin\link.exe /ERRORREPORT:PROMPT /OUT:"D:\Projects\ClothSimulator\ClothSimulator\ClothSimulator.exe" /INCREMENTAL:NO /NOLOGO /LIBPATH:D:\Projects\ClothSimulator\\ClothSimulator\assimp\lib\x86 /LIBPATH:"C:\Program Files (x86)\Microsoft DirectX SDK (June 2010)\\Lib\x86" d3d9.lib d3dx9.lib WinMM.lib dinput8.lib dxguid.lib assimp.lib kernel32.lib user32.lib gdi32.lib winspool.lib comdlg32.lib advapi32.lib shell32.lib ole32.lib oleaut32.lib uuid.lib odbc32.lib odbccp32.lib /MANIFEST /ManifestFile:"Release\ClothSimulator.exe.intermediate.manifest" /MANIFESTUAC:"level='asInvoker' uiAccess='false'" /DEBUG /PDB:"D:\Projects\ClothSimulator\ClothSimulator\ClothSimulator.pdb" /SUBSYSTEM:WINDOWS /OPT:REF /OPT:ICF /LTCG /TLBID:1 /DYNAMICBASE /NXCOMPAT /IMPLIB:"D:\Projects\ClothSimulator\ClothSimulator\ClothSimulator.lib" /MACHINE:X86 Release\assimpmesh.obj
         Release\camera.obj
         Release\cloth.obj
         Release\collision.obj
         Release\diagnostic.obj
         Release\timer.obj
         Release\input.obj
         Release\light.obj
         Release\mesh.obj
         Release\particle.obj
         Release\picking.obj
         Release\shader.obj
         Release\simulation.obj
         Release\spring.obj
         Release\sprite.obj
         Release\text.obj
         Release\transform.obj
         Release\winmain.obj
         Generating code
         Finished generating code
         ClothSimulator.vcxproj -> D:\Projects\ClothSimulator\ClothSimulator\ClothSimulator.exe
       Manifest:
         C:\Program Files (x86)\Microsoft SDKs\Windows\v7.0A\bin\mt.exe /nologo /verbose /outputresource:"D:\Projects\ClothSimulator\ClothSimulator\ClothSimulator.exe;#1" /manifest Release\ClothSimulator.exe.intermediate.manifest
       FinalizeBuildStatus:
         Deleting file "Release\ClothSimulator.unsuccessfulbuild".
         Touching "Release\ClothSimulator.lastbuildstate".
     1>Done Building Project "D:\Projects\ClothSimulator\ClothSimulator\ClothSimulator.vcxproj" (build target(s)).

Build succeeded.

Time Elapsed 00:01:15.52
